  bigboid.cpp
  main.cpp
  testApp.cpp
  Info: Boost.Config is older than your compiler version - probably nothing bad will happen - but you may wish to look for an update Boost version.  Define BOOST_CONFIG_SUPPRESS_OUTDATED_MESSAGE to suppress this message.
  Info: Boost.Config is older than your compiler version - probably nothing bad will happen - but you may wish to look for an update Boost version.  Define BOOST_CONFIG_SUPPRESS_OUTDATED_MESSAGE to suppress this message.
  Info: Boost.Config is older than your compiler version - probably nothing bad will happen - but you may wish to look for an update Boost version.  Define BOOST_CONFIG_SUPPRESS_OUTDATED_MESSAGE to suppress this message.
D:\of_v0.11.2_vs2017_release\of_v0.11.2_vs2017_release\libs\openFrameworks\math\ofVec3f.h(1,1): warning C4819: 该文件包含不能在当前代码页(936)中表示的字符。请将该文件保存为 Unicode 格式以防止数据丢失 (编译源文件 src\testApp.cpp)
D:\of_v0.11.2_vs2017_release\of_v0.11.2_vs2017_release\libs\openFrameworks\math\ofVec2f.h(1,1): warning C4819: 该文件包含不能在当前代码页(936)中表示的字符。请将该文件保存为 Unicode 格式以防止数据丢失 (编译源文件 src\testApp.cpp)
D:\of_v0.11.2_vs2017_release\of_v0.11.2_vs2017_release\libs\openFrameworks\math\ofVec3f.h(1,1): warning C4819: 该文件包含不能在当前代码页(936)中表示的字符。请将该文件保存为 Unicode 格式以防止数据丢失 (编译源文件 src\bigboid.cpp)
D:\of_v0.11.2_vs2017_release\of_v0.11.2_vs2017_release\libs\openFrameworks\math\ofVec2f.h(1,1): warning C4819: 该文件包含不能在当前代码页(936)中表示的字符。请将该文件保存为 Unicode 格式以防止数据丢失 (编译源文件 src\bigboid.cpp)
D:\of_v0.11.2_vs2017_release\of_v0.11.2_vs2017_release\libs\openFrameworks\math\ofVec3f.h(1,1): warning C4819: 该文件包含不能在当前代码页(936)中表示的字符。请将该文件保存为 Unicode 格式以防止数据丢失 (编译源文件 src\main.cpp)
D:\of_v0.11.2_vs2017_release\of_v0.11.2_vs2017_release\libs\openFrameworks\math\ofVec2f.h(1,1): warning C4819: 该文件包含不能在当前代码页(936)中表示的字符。请将该文件保存为 Unicode 格式以防止数据丢失 (编译源文件 src\main.cpp)
D:\of_v0.11.2_vs2017_release\of_v0.11.2_vs2017_release\libs\openFrameworks\math\ofMatrix4x4.h(326,1): warning C4267: “参数”: 从“size_t”转换到“int”，可能丢失数据 (编译源文件 src\bigboid.cpp)
D:\of_v0.11.2_vs2017_release\of_v0.11.2_vs2017_release\libs\openFrameworks\math\ofMatrix4x4.h(331,1): warning C4267: “参数”: 从“size_t”转换到“int”，可能丢失数据 (编译源文件 src\bigboid.cpp)
D:\of_v0.11.2_vs2017_release\of_v0.11.2_vs2017_release\libs\openFrameworks\math\ofMatrix4x4.h(912,12): warning C4267: “参数”: 从“size_t”转换到“int”，可能丢失数据 (编译源文件 src\bigboid.cpp)
D:\of_v0.11.2_vs2017_release\of_v0.11.2_vs2017_release\libs\openFrameworks\math\ofMatrix4x4.h(913,12): warning C4267: “参数”: 从“size_t”转换到“int”，可能丢失数据 (编译源文件 src\bigboid.cpp)
D:\of_v0.11.2_vs2017_release\of_v0.11.2_vs2017_release\libs\openFrameworks\math\ofMatrix4x4.h(914,12): warning C4267: “参数”: 从“size_t”转换到“int”，可能丢失数据 (编译源文件 src\bigboid.cpp)
D:\of_v0.11.2_vs2017_release\of_v0.11.2_vs2017_release\libs\openFrameworks\math\ofMatrix4x4.h(915,12): warning C4267: “参数”: 从“size_t”转换到“int”，可能丢失数据 (编译源文件 src\bigboid.cpp)
D:\of_v0.11.2_vs2017_release\of_v0.11.2_vs2017_release\libs\openFrameworks\math\ofMatrix4x4.h(326,1): warning C4267: “参数”: 从“size_t”转换到“int”，可能丢失数据 (编译源文件 src\main.cpp)
D:\of_v0.11.2_vs2017_release\of_v0.11.2_vs2017_release\libs\openFrameworks\math\ofMatrix4x4.h(331,1): warning C4267: “参数”: 从“size_t”转换到“int”，可能丢失数据 (编译源文件 src\main.cpp)
D:\of_v0.11.2_vs2017_release\of_v0.11.2_vs2017_release\libs\openFrameworks\math\ofMatrix4x4.h(912,12): warning C4267: “参数”: 从“size_t”转换到“int”，可能丢失数据 (编译源文件 src\main.cpp)
D:\of_v0.11.2_vs2017_release\of_v0.11.2_vs2017_release\libs\openFrameworks\math\ofMatrix4x4.h(913,12): warning C4267: “参数”: 从“size_t”转换到“int”，可能丢失数据 (编译源文件 src\main.cpp)
D:\of_v0.11.2_vs2017_release\of_v0.11.2_vs2017_release\libs\openFrameworks\math\ofMatrix4x4.h(914,12): warning C4267: “参数”: 从“size_t”转换到“int”，可能丢失数据 (编译源文件 src\main.cpp)
D:\of_v0.11.2_vs2017_release\of_v0.11.2_vs2017_release\libs\openFrameworks\math\ofMatrix4x4.h(915,12): warning C4267: “参数”: 从“size_t”转换到“int”，可能丢失数据 (编译源文件 src\main.cpp)
D:\of_v0.11.2_vs2017_release\of_v0.11.2_vs2017_release\libs\openFrameworks\math\ofMatrix4x4.h(326,1): warning C4267: “参数”: 从“size_t”转换到“int”，可能丢失数据 (编译源文件 src\testApp.cpp)
D:\of_v0.11.2_vs2017_release\of_v0.11.2_vs2017_release\libs\openFrameworks\math\ofMatrix4x4.h(331,1): warning C4267: “参数”: 从“size_t”转换到“int”，可能丢失数据 (编译源文件 src\testApp.cpp)
D:\of_v0.11.2_vs2017_release\of_v0.11.2_vs2017_release\libs\openFrameworks\math\ofMatrix4x4.h(912,12): warning C4267: “参数”: 从“size_t”转换到“int”，可能丢失数据 (编译源文件 src\testApp.cpp)
D:\of_v0.11.2_vs2017_release\of_v0.11.2_vs2017_release\libs\openFrameworks\math\ofMatrix4x4.h(913,12): warning C4267: “参数”: 从“size_t”转换到“int”，可能丢失数据 (编译源文件 src\testApp.cpp)
D:\of_v0.11.2_vs2017_release\of_v0.11.2_vs2017_release\libs\openFrameworks\math\ofMatrix4x4.h(914,12): warning C4267: “参数”: 从“size_t”转换到“int”，可能丢失数据 (编译源文件 src\testApp.cpp)
D:\of_v0.11.2_vs2017_release\of_v0.11.2_vs2017_release\libs\openFrameworks\math\ofMatrix4x4.h(915,12): warning C4267: “参数”: 从“size_t”转换到“int”，可能丢失数据 (编译源文件 src\testApp.cpp)
D:\of_v0.11.2_vs2017_release\of_v0.11.2_vs2017_release\apps\myApps\boid\src\bigboid.cpp(23,5): warning C4996: 'ofCircle': Use ofDrawCircle instead
  boid.vcxproj -> D:\of_v0.11.2_vs2017_release\of_v0.11.2_vs2017_release\apps\myApps\boid\bin\boid_debug.exe
  
  	                   2	D:\of_v0.11.2_vs2017_release\of_v0.11.2_vs2017_release\libs\fmod\lib\vs\x64\
  	  *多余文件   		 6942208	D:\of_v0.11.2_vs2017_release\of_v0.11.2_vs2017_release\apps\myApps\boid\bin\FreeImage.dll
  
  	                   1	D:\of_v0.11.2_vs2017_release\of_v0.11.2_vs2017_release\libs\FreeImage\lib\vs\x64\
  	  *多余文件   		 1826304	D:\of_v0.11.2_vs2017_release\of_v0.11.2_vs2017_release\apps\myApps\boid\bin\fmod.dll
  	  *多余文件   		 2041856	D:\of_v0.11.2_vs2017_release\of_v0.11.2_vs2017_release\apps\myApps\boid\bin\fmodL.dll
